<?xml version="1.0" encoding="UTF-8"?>
<!-- Generated by org.testng.reporters.JUnitXMLReporter -->
<testsuite ignored="0" hostname="DESKTOP-81JNK5C" failures="3" tests="24" name="Testchrome" time="369.205" errors="0" timestamp="2025-03-23T13:12:26 IST">
  <testcase classname="testCases.TC001_PositiveLoginTest" name="logoutbtncheck" time="0.093"/>
  <testcase classname="testCases.TC001_PositiveLoginTest" name="verifycongratulationmsg" time="0.036"/>
  <testcase classname="testCases.TC001_PositiveLoginTest" name="verifyurl" time="0.011"/>
  <testcase classname="testCases.TC002_NegativeUserNameTest" name="negativeusername" time="4.538"/>
  <testcase classname="testCases.TC003_NegativePasswordTest" name="negativepassword" time="1.642"/>
  <testcase classname="testCases.TC004_NoSuchElementExceptionTest" name="verifyrow2input" time="7.422"/>
  <testcase classname="testCases.TC005_ElementNotInteractableExceptionTest" name="ElementNotInteractableExceptionTest" time="6.097">
    <failure type="org.openqa.selenium.NoSuchElementException" message="no such element: Unable to locate element: {&amp;quot;method&amp;quot;:&amp;quot;xpath&amp;quot;,&amp;quot;selector&amp;quot;:&amp;quot;//div[@id=&amp;apos;row2&amp;apos;]//input[@class=&amp;apos;input-field&amp;apos;]&amp;quot;}
  (Session info: chrome=134.0.6998.118)
For documentation on this error, please visit: https://www.selenium.dev/documentation/webdriver/troubleshooting/errors#no-such-element-exception
Build info: version: &amp;apos;4.28.1&amp;apos;, revision: &amp;apos;73f5ad48a2&amp;apos;
System info: os.name: &amp;apos;Windows 10&amp;apos;, os.arch: &amp;apos;amd64&amp;apos;, os.version: &amp;apos;10.0&amp;apos;, java.version: &amp;apos;23.0.1&amp;apos;
Driver info: org.openqa.selenium.chrome.ChromeDriver
Command: [f2de27a39d2b69894a542b90a424526d, findElement {value=//div[@id=&amp;apos;row2&amp;apos;]//input[@class=&amp;apos;input-field&amp;apos;], using=xpath}]
Capabilities {acceptInsecureCerts: false, browserName: chrome, browserVersion: 134.0.6998.118, chrome: {chromedriverVersion: 134.0.6998.165 (fd886e2cb29..., userDataDir: C:\Users\hp\AppData\Local\T...}, fedcm:accounts: true, goog:chromeOptions: {debuggerAddress: localhost:49900}, networkConnectionEnabled: false, pageLoadStrategy: normal, platformName: windows, proxy: Proxy(), se:cdp: ws://localhost:49900/devtoo..., se:cdpVersion: 134.0.6998.118, setWindowRect: true, strictFileInteractability: false, timeouts: {implicit: 0, pageLoad: 300000, script: 30000}, unhandledPromptBehavior: dismiss and notify, webauthn:extension:credBlob: true, webauthn:extension:largeBlob: true, webauthn:extension:minPinLength: true, webauthn:extension:prf: true, webauthn:virtualAuthenticators: true}
Session ID: f2de27a39d2b69894a542b90a424526d">
      <![CDATA[org.openqa.selenium.NoSuchElementException: no such element: Unable to locate element: {"method":"xpath","selector":"//div[@id='row2']//input[@class='input-field']"}
  (Session info: chrome=134.0.6998.118)
For documentation on this error, please visit: https://www.selenium.dev/documentation/webdriver/troubleshooting/errors#no-such-element-exception
Build info: version: '4.28.1', revision: '73f5ad48a2'
System info: os.name: 'Windows 10', os.arch: 'amd64', os.version: '10.0', java.version: '23.0.1'
Driver info: org.openqa.selenium.chrome.ChromeDriver
Command: [f2de27a39d2b69894a542b90a424526d, findElement {value=//div[@id='row2']//input[@class='input-field'], using=xpath}]
Capabilities {acceptInsecureCerts: false, browserName: chrome, browserVersion: 134.0.6998.118, chrome: {chromedriverVersion: 134.0.6998.165 (fd886e2cb29..., userDataDir: C:\Users\hp\AppData\Local\T...}, fedcm:accounts: true, goog:chromeOptions: {debuggerAddress: localhost:49900}, networkConnectionEnabled: false, pageLoadStrategy: normal, platformName: windows, proxy: Proxy(), se:cdp: ws://localhost:49900/devtoo..., se:cdpVersion: 134.0.6998.118, setWindowRect: true, strictFileInteractability: false, timeouts: {implicit: 0, pageLoad: 300000, script: 30000}, unhandledPromptBehavior: dismiss and notify, webauthn:extension:credBlob: true, webauthn:extension:largeBlob: true, webauthn:extension:minPinLength: true, webauthn:extension:prf: true, webauthn:virtualAuthenticators: true}
Session ID: f2de27a39d2b69894a542b90a424526d
at org.openqa.selenium.remote.ErrorCodec.decode(ErrorCodec.java:167)
at org.openqa.selenium.remote.codec.w3c.W3CHttpResponseCodec.decode(W3CHttpResponseCodec.java:138)
at org.openqa.selenium.remote.codec.w3c.W3CHttpResponseCodec.decode(W3CHttpResponseCodec.java:50)
at org.openqa.selenium.remote.HttpCommandExecutor.execute(HttpCommandExecutor.java:215)
at org.openqa.selenium.remote.service.DriverCommandExecutor.invokeExecute(DriverCommandExecutor.java:216)
at org.openqa.selenium.remote.service.DriverCommandExecutor.execute(DriverCommandExecutor.java:174)
at org.openqa.selenium.remote.RemoteWebDriver.execute(RemoteWebDriver.java:545)
at org.openqa.selenium.remote.ElementLocation$ElementFinder$2.findElement(ElementLocation.java:165)
at org.openqa.selenium.remote.ElementLocation.findElement(ElementLocation.java:59)
at org.openqa.selenium.remote.RemoteWebDriver.findElement(RemoteWebDriver.java:368)
at org.openqa.selenium.remote.RemoteWebDriver.findElement(RemoteWebDriver.java:362)
at org.openqa.selenium.support.pagefactory.DefaultElementLocator.findElement(DefaultElementLocator.java:68)
at org.openqa.selenium.support.pagefactory.internal.LocatingElementHandler.invoke(LocatingElementHandler.java:38)
at jdk.proxy2/jdk.proxy2.$Proxy27.sendKeys(Unknown Source)
at pageObject.TestExceptionPage.input2sendkeys(TestExceptionPage.java:52)
at testCases.TC005_ElementNotInteractableExceptionTest.ElementNotInteractableExceptionTest(TC005_ElementNotInteractableExceptionTest.java:27)
at java.base/java.util.ArrayList.forEach(ArrayList.java:1597)
... Removed 32 stack frames]]>
    </failure>
  </testcase> <!-- ElementNotInteractableExceptionTest -->
  <testcase classname="testCases.TC006_InvalidElementStateExceptionTest" name="disabledinput" time="3.377"/>
  <testcase classname="testCases.TC007_StaleElementReferenceExceptionTest" name="verifyinstuctiondisremoved" time="7.15"/>
  <testcase classname="testCases.TC008_TimeoutExceptionTest" name="verifysecondinputDisplayed" time="6.163"/>
  <testcase classname="testCases.TC009_LoginDDTest" name="dtdlogin" time="1.833"/>
  <testcase classname="testCases.TC009_LoginDDTest" name="dtdlogin" time="1.724"/>
  <testcase classname="testCases.TC009_LoginDDTest" name="dtdlogin" time="1.243"/>
  <testcase classname="testCases.TC009_LoginDDTest" name="dtdlogin" time="0.584"/>
  <testcase classname="testCases.TC009_LoginDDTest" name="dtdlogin" time="0.58"/>
  <testcase classname="testCases.TC009_LoginDDTest" name="dtdlogin" time="0.72"/>
  <testcase classname="testCases.TC010_ContactFormTest" name="contactform" time="20.978">
    <failure type="org.openqa.selenium.ElementClickInterceptedException" message="element click intercepted: Element &amp;lt;button type=&amp;quot;submit&amp;quot; name=&amp;quot;wpforms[submit]&amp;quot; id=&amp;quot;wpforms-submit-161&amp;quot; class=&amp;quot;wpforms-submit&amp;quot; data-alt-text=&amp;quot;Sending...&amp;quot; data-submit-text=&amp;quot;...&amp;quot; aria-live=&amp;quot;assertive&amp;quot; value=&amp;quot;wpforms-submit&amp;quot;&amp;gt;Submit&amp;lt;/button&amp;gt; is not clickable at point (640, 635). Other element would receive the click: &amp;lt;div style=&amp;quot;width: 100%; height: 100%; position: fixed; top: 0px; left: 0px; z-index: 2000000000; background-color: rgb(255, 255, 255); opacity: 0.05;&amp;quot;&amp;gt;&amp;lt;/div&amp;gt;
  (Session info: chrome=134.0.6998.118)
Build info: version: &amp;apos;4.28.1&amp;apos;, revision: &amp;apos;73f5ad48a2&amp;apos;
System info: os.name: &amp;apos;Windows 10&amp;apos;, os.arch: &amp;apos;amd64&amp;apos;, os.version: &amp;apos;10.0&amp;apos;, java.version: &amp;apos;23.0.1&amp;apos;
Driver info: org.openqa.selenium.chrome.ChromeDriver
Command: [3370578b8b83cd3442a20cf501b5e92d, clickElement {id=f.F73A10F525B2E0908BD8ECD515C09A3F.d.D5E945002B78C05016B58B7C5371BD15.e.52}]
Capabilities {acceptInsecureCerts: false, browserName: chrome, browserVersion: 134.0.6998.118, chrome: {chromedriverVersion: 134.0.6998.165 (fd886e2cb29..., userDataDir: C:\Users\hp\AppData\Local\T...}, fedcm:accounts: true, goog:chromeOptions: {debuggerAddress: localhost:50097}, networkConnectionEnabled: false, pageLoadStrategy: normal, platformName: windows, proxy: Proxy(), se:cdp: ws://localhost:50097/devtoo..., se:cdpVersion: 134.0.6998.118, setWindowRect: true, strictFileInteractability: false, timeouts: {implicit: 0, pageLoad: 300000, script: 30000}, unhandledPromptBehavior: dismiss and notify, webauthn:extension:credBlob: true, webauthn:extension:largeBlob: true, webauthn:extension:minPinLength: true, webauthn:extension:prf: true, webauthn:virtualAuthenticators: true}
Element: [[ChromeDriver: chrome on windows (3370578b8b83cd3442a20cf501b5e92d)] -&amp;gt; xpath: //button[@type=&amp;apos;submit&amp;apos;]]
Session ID: 3370578b8b83cd3442a20cf501b5e92d">
      <![CDATA[org.openqa.selenium.ElementClickInterceptedException: element click intercepted: Element <button type="submit" name="wpforms[submit]" id="wpforms-submit-161" class="wpforms-submit" data-alt-text="Sending..." data-submit-text="..." aria-live="assertive" value="wpforms-submit">Submit</button> is not clickable at point (640, 635). Other element would receive the click: <div style="width: 100%; height: 100%; position: fixed; top: 0px; left: 0px; z-index: 2000000000; background-color: rgb(255, 255, 255); opacity: 0.05;"></div>
  (Session info: chrome=134.0.6998.118)
Build info: version: '4.28.1', revision: '73f5ad48a2'
System info: os.name: 'Windows 10', os.arch: 'amd64', os.version: '10.0', java.version: '23.0.1'
Driver info: org.openqa.selenium.chrome.ChromeDriver
Command: [3370578b8b83cd3442a20cf501b5e92d, clickElement {id=f.F73A10F525B2E0908BD8ECD515C09A3F.d.D5E945002B78C05016B58B7C5371BD15.e.52}]
Capabilities {acceptInsecureCerts: false, browserName: chrome, browserVersion: 134.0.6998.118, chrome: {chromedriverVersion: 134.0.6998.165 (fd886e2cb29..., userDataDir: C:\Users\hp\AppData\Local\T...}, fedcm:accounts: true, goog:chromeOptions: {debuggerAddress: localhost:50097}, networkConnectionEnabled: false, pageLoadStrategy: normal, platformName: windows, proxy: Proxy(), se:cdp: ws://localhost:50097/devtoo..., se:cdpVersion: 134.0.6998.118, setWindowRect: true, strictFileInteractability: false, timeouts: {implicit: 0, pageLoad: 300000, script: 30000}, unhandledPromptBehavior: dismiss and notify, webauthn:extension:credBlob: true, webauthn:extension:largeBlob: true, webauthn:extension:minPinLength: true, webauthn:extension:prf: true, webauthn:virtualAuthenticators: true}
Element: [[ChromeDriver: chrome on windows (3370578b8b83cd3442a20cf501b5e92d)] -> xpath: //button[@type='submit']]
Session ID: 3370578b8b83cd3442a20cf501b5e92d
at org.openqa.selenium.remote.ErrorCodec.decode(ErrorCodec.java:167)
at org.openqa.selenium.remote.codec.w3c.W3CHttpResponseCodec.decode(W3CHttpResponseCodec.java:138)
at org.openqa.selenium.remote.codec.w3c.W3CHttpResponseCodec.decode(W3CHttpResponseCodec.java:50)
at org.openqa.selenium.remote.HttpCommandExecutor.execute(HttpCommandExecutor.java:215)
at org.openqa.selenium.remote.service.DriverCommandExecutor.invokeExecute(DriverCommandExecutor.java:216)
at org.openqa.selenium.remote.service.DriverCommandExecutor.execute(DriverCommandExecutor.java:174)
at org.openqa.selenium.remote.RemoteWebDriver.execute(RemoteWebDriver.java:545)
at org.openqa.selenium.remote.RemoteWebElement.execute(RemoteWebElement.java:223)
at org.openqa.selenium.remote.RemoteWebElement.click(RemoteWebElement.java:76)
at org.openqa.selenium.support.pagefactory.internal.LocatingElementHandler.invoke(LocatingElementHandler.java:51)
at jdk.proxy2/jdk.proxy2.$Proxy27.click(Unknown Source)
at pageObject.ContactPage.clicksubmit(ContactPage.java:70)
at testCases.TC010_ContactFormTest.contactform(TC010_ContactFormTest.java:29)
at java.base/java.util.ArrayList.forEach(ArrayList.java:1597)
... Removed 34 stack frames]]>
    </failure>
  </testcase> <!-- contactform -->
  <testcase classname="testCases.TC011_ContactFormDDTest" name="contactform" time="27.667"/>
  <testcase classname="testCases.TC011_ContactFormDDTest" name="contactform" time="32.238"/>
  <testcase classname="testCases.TC011_ContactFormDDTest" name="contactform" time="32.982"/>
  <testcase classname="testCases.TC011_ContactFormDDTest" name="contactform" time="33.14"/>
  <testcase classname="testCases.TC011_ContactFormDDTest" name="contactform" time="33.078"/>
  <testcase classname="testCases.TC011_ContactFormDDTest" name="contactform" time="33.261"/>
  <testcase classname="testCases.TC012_BrokenLinksTest" name="isBrokenLinkExist" time="35.585">
    <failure type="java.lang.AssertionError" message="null">
      <![CDATA[java.lang.AssertionError: null
at testCases.TC012_BrokenLinksTest.isBrokenLinkExist(TC012_BrokenLinksTest.java:26)
at java.base/java.util.ArrayList.forEach(ArrayList.java:1597)
... Removed 31 stack frames]]>
    </failure>
  </testcase> <!-- isBrokenLinkExist -->
</testsuite> <!-- Testchrome -->
