<!DOCTYPE html>

<html>
  <head>
  <meta charset='utf-8'>
  <title>TestNG reports</title>

    <link type="text/css" href="testng-reports1.css" rel="stylesheet" id="ultra" />
    <link type="text/css" href="testng-reports.css" rel="stylesheet" id="retro" disabled="false"/>
    <script type="text/javascript" src="jquery-3.6.0.min.js"></script>
    <script type="text/javascript" src="testng-reports.js"></script>
    <script type="text/javascript" src="https://www.google.com/jsapi"></script>
    <script type='text/javascript'>
      google.load('visualization', '1', {packages:['table']});
      google.setOnLoadCallback(drawTable);
      var suiteTableInitFunctions = new Array();
      var suiteTableData = new Array();
    </script>
    <!--
      <script type="text/javascript" src="jquery-ui/js/jquery-ui-1.8.16.custom.min.js"></script>
     -->
  </head>

  <body>    <div class="top-banner-root">
      <span class="top-banner-title-font">Test results</span>
      <button id="button" class="button">Switch Retro Theme</button> <!-- button -->
      <br/>
      <span class="top-banner-font-1">1 suite, 8 failed tests</span>
    </div> <!-- top-banner-root -->
    <div class="navigator-root">
      <div class="navigator-suite-header">
        <span>All suites</span>
        <a href="#" title="Collapse/expand all the suites" class="collapse-all-link">
          <img src="collapseall.gif" class="collapse-all-icon">
          </img> <!-- collapse-all-icon -->
        </a> <!-- collapse-all-link -->
      </div> <!-- navigator-suite-header -->
      <div class="suite">
        <div class="rounded-window">
          <div class="suite-header light-rounded-window-top">
            <a href="#" panel-name="suite-Suite" class="navigator-link">
              <span class="suite-name border-failed">Suite</span>
            </a> <!-- navigator-link -->
          </div> <!-- suite-header light-rounded-window-top -->
          <div class="navigator-suite-content">
            <div class="suite-section-title">
              <span>Info</span>
            </div> <!-- suite-section-title -->
            <div class="suite-section-content">
              <ul>
                <li>
                  <a href="#" panel-name="test-xml-Suite" class="navigator-link ">
                    <span>E:\java\selenium\webdriver\PracticeAutomation\Master.xml</span>
                  </a> <!-- navigator-link  -->
                </li>
                <li>
                  <a href="#" panel-name="testlist-Suite" class="navigator-link ">
                    <span class="test-stats">1 test</span>
                  </a> <!-- navigator-link  -->
                </li>
                <li>
                  <a href="#" panel-name="group-Suite" class="navigator-link ">
                    <span>0 groups</span>
                  </a> <!-- navigator-link  -->
                </li>
                <li>
                  <a href="#" panel-name="times-Suite" class="navigator-link ">
                    <span>Times</span>
                  </a> <!-- navigator-link  -->
                </li>
                <li>
                  <a href="#" panel-name="reporter-Suite" class="navigator-link ">
                    <span>Reporter output</span>
                  </a> <!-- navigator-link  -->
                </li>
                <li>
                  <a href="#" panel-name="ignored-methods-Suite" class="navigator-link ">
                    <span>Ignored methods</span>
                  </a> <!-- navigator-link  -->
                </li>
                <li>
                  <a href="#" panel-name="chronological-Suite" class="navigator-link ">
                    <span>Chronological view</span>
                  </a> <!-- navigator-link  -->
                </li>
              </ul>
            </div> <!-- suite-section-content -->
            <div class="result-section">
              <div class="suite-section-title">
                <span>Results</span>
              </div> <!-- suite-section-title -->
              <div class="suite-section-content">
                <ul>
                  <li>
                    <span class="method-stats">24 methods, 8 failed,   16 passed</span>
                  </li>
                  <li>
                    <span class="method-list-title failed">Failed methods</span>
                    <span class="show-or-hide-methods failed">
                      <a href="#" panel-name="suite-Suite" class="hide-methods failed suite-Suite"> (hide)</a> <!-- hide-methods failed suite-Suite -->
                      <a href="#" panel-name="suite-Suite" class="show-methods failed suite-Suite"> (show)</a> <!-- show-methods failed suite-Suite -->
                    </span>
                    <div class="method-list-content failed suite-Suite">
                      <span>
                        <img src="failed.png" width="3%"/>
                        <a href="#" panel-name="suite-Suite" title="testCases.TC011_ContactFormDDTest" class="method navigator-link" hash-for-method="contactform(meera, Patel, m.com, I am teacher, Invalid)">contactform(meera, Patel, m.com, I am teacher, Invalid)</a> <!-- method navigator-link -->
                      </span>
                      <br/>
                      <span>
                        <img src="failed.png" width="3%"/>
                        <a href="#" panel-name="suite-Suite" title="testCases.TC011_ContactFormDDTest" class="method navigator-link" hash-for-method="contactform(, shah, s@gmail.com, I am student, Invalid)">contactform(, shah, s@gmail.com, I am student, Invalid)</a> <!-- method navigator-link -->
                      </span>
                      <br/>
                      <span>
                        <img src="failed.png" width="3%"/>
                        <a href="#" panel-name="suite-Suite" title="testCases.TC011_ContactFormDDTest" class="method navigator-link" hash-for-method="contactform(raj, patel, r@gmail.com, I am student, Valid)">contactform(raj, patel, r@gmail.com, I am student, Valid)</a> <!-- method navigator-link -->
                      </span>
                      <br/>
                      <span>
                        <img src="failed.png" width="3%"/>
                        <a href="#" panel-name="suite-Suite" title="testCases.TC011_ContactFormDDTest" class="method navigator-link" hash-for-method="contactform(brijesha, patel, b@gmail.com, , invalid)">contactform(brijesha, patel, b@gmail.com, , invalid)</a> <!-- method navigator-link -->
                      </span>
                      <br/>
                      <span>
                        <img src="failed.png" width="3%"/>
                        <a href="#" panel-name="suite-Suite" title="testCases.TC011_ContactFormDDTest" class="method navigator-link" hash-for-method="contactform(kabie, Patel, , I am student, Invalid)">contactform(kabie, Patel, , I am student, Invalid)</a> <!-- method navigator-link -->
                      </span>
                      <br/>
                      <span>
                        <img src="failed.png" width="3%"/>
                        <a href="#" panel-name="suite-Suite" title="testCases.TC010_ContactFormTest" class="method navigator-link" hash-for-method="contactform">contactform</a> <!-- method navigator-link -->
                      </span>
                      <br/>
                      <span>
                        <img src="failed.png" width="3%"/>
                        <a href="#" panel-name="suite-Suite" title="testCases.TC011_ContactFormDDTest" class="method navigator-link" hash-for-method="contactform(jay, , j@gmail.com, I am teacher, Invalid)">contactform(jay, , j@gmail.com, I am teacher, Invalid)</a> <!-- method navigator-link -->
                      </span>
                      <br/>
                      <span>
                        <img src="failed.png" width="3%"/>
                        <a href="#" panel-name="suite-Suite" title="testCases.TC012_BrokenLinksTest" class="method navigator-link" hash-for-method="isBrokenLinkExist">isBrokenLinkExist</a> <!-- method navigator-link -->
                      </span>
                      <br/>
                    </div> <!-- method-list-content failed suite-Suite -->
                  </li>
                  <li>
                    <span class="method-list-title passed">Passed methods</span>
                    <span class="show-or-hide-methods passed">
                      <a href="#" panel-name="suite-Suite" class="hide-methods passed suite-Suite"> (hide)</a> <!-- hide-methods passed suite-Suite -->
                      <a href="#" panel-name="suite-Suite" class="show-methods passed suite-Suite"> (show)</a> <!-- show-methods passed suite-Suite -->
                    </span>
                    <div class="method-list-content passed suite-Suite">
                      <span>
                        <img src="passed.png" width="3%"/>
                        <a href="#" panel-name="suite-Suite" title="testCases.TC005_ElementNotInteractableExceptionTest" class="method navigator-link" hash-for-method="ElementNotInteractableExceptionTest">ElementNotInteractableExceptionTest</a> <!-- method navigator-link -->
                      </span>
                      <br/>
                      <span>
                        <img src="passed.png" width="3%"/>
                        <a href="#" panel-name="suite-Suite" title="testCases.TC006_InvalidElementStateExceptionTest" class="method navigator-link" hash-for-method="disabledinput">disabledinput</a> <!-- method navigator-link -->
                      </span>
                      <br/>
                      <span>
                        <img src="passed.png" width="3%"/>
                        <a href="#" panel-name="suite-Suite" title="testCases.TC009_LoginDDTest" class="method navigator-link" hash-for-method="dtdlogin(prq, , Invalid)">dtdlogin(prq, , Invalid)</a> <!-- method navigator-link -->
                      </span>
                      <br/>
                      <span>
                        <img src="passed.png" width="3%"/>
                        <a href="#" panel-name="suite-Suite" title="testCases.TC009_LoginDDTest" class="method navigator-link" hash-for-method="dtdlogin(, pqr1, Invalid)">dtdlogin(, pqr1, Invalid)</a> <!-- method navigator-link -->
                      </span>
                      <br/>
                      <span>
                        <img src="passed.png" width="3%"/>
                        <a href="#" panel-name="suite-Suite" title="testCases.TC009_LoginDDTest" class="method navigator-link" hash-for-method="dtdlogin(abc, Password123, Invalid)">dtdlogin(abc, Password123, Invalid)</a> <!-- method navigator-link -->
                      </span>
                      <br/>
                      <span>
                        <img src="passed.png" width="3%"/>
                        <a href="#" panel-name="suite-Suite" title="testCases.TC009_LoginDDTest" class="method navigator-link" hash-for-method="dtdlogin(student, Password123, Valid)">dtdlogin(student, Password123, Valid)</a> <!-- method navigator-link -->
                      </span>
                      <br/>
                      <span>
                        <img src="passed.png" width="3%"/>
                        <a href="#" panel-name="suite-Suite" title="testCases.TC009_LoginDDTest" class="method navigator-link" hash-for-method="dtdlogin(student, xyz123, Invalid)">dtdlogin(student, xyz123, Invalid)</a> <!-- method navigator-link -->
                      </span>
                      <br/>
                      <span>
                        <img src="passed.png" width="3%"/>
                        <a href="#" panel-name="suite-Suite" title="testCases.TC009_LoginDDTest" class="method navigator-link" hash-for-method="dtdlogin(std, , Invalid)">dtdlogin(std, , Invalid)</a> <!-- method navigator-link -->
                      </span>
                      <br/>
                      <span>
                        <img src="passed.png" width="3%"/>
                        <a href="#" panel-name="suite-Suite" title="testCases.TC001_PositiveLoginTest" class="method navigator-link" hash-for-method="logoutbtncheck">logoutbtncheck</a> <!-- method navigator-link -->
                      </span>
                      <br/>
                      <span>
                        <img src="passed.png" width="3%"/>
                        <a href="#" panel-name="suite-Suite" title="testCases.TC003_NegativePasswordTest" class="method navigator-link" hash-for-method="negativepassword">negativepassword</a> <!-- method navigator-link -->
                      </span>
                      <br/>
                      <span>
                        <img src="passed.png" width="3%"/>
                        <a href="#" panel-name="suite-Suite" title="testCases.TC002_NegativeUserNameTest" class="method navigator-link" hash-for-method="negativeusername">negativeusername</a> <!-- method navigator-link -->
                      </span>
                      <br/>
                      <span>
                        <img src="passed.png" width="3%"/>
                        <a href="#" panel-name="suite-Suite" title="testCases.TC001_PositiveLoginTest" class="method navigator-link" hash-for-method="verifycongratulationmsg">verifycongratulationmsg</a> <!-- method navigator-link -->
                      </span>
                      <br/>
                      <span>
                        <img src="passed.png" width="3%"/>
                        <a href="#" panel-name="suite-Suite" title="testCases.TC007_StaleElementReferenceExceptionTest" class="method navigator-link" hash-for-method="verifyinstuctiondisremoved">verifyinstuctiondisremoved</a> <!-- method navigator-link -->
                      </span>
                      <br/>
                      <span>
                        <img src="passed.png" width="3%"/>
                        <a href="#" panel-name="suite-Suite" title="testCases.TC004_NoSuchElementExceptionTest" class="method navigator-link" hash-for-method="verifyrow2input">verifyrow2input</a> <!-- method navigator-link -->
                      </span>
                      <br/>
                      <span>
                        <img src="passed.png" width="3%"/>
                        <a href="#" panel-name="suite-Suite" title="testCases.TC008_TimeoutExceptionTest" class="method navigator-link" hash-for-method="verifysecondinputDisplayed">verifysecondinputDisplayed</a> <!-- method navigator-link -->
                      </span>
                      <br/>
                      <span>
                        <img src="passed.png" width="3%"/>
                        <a href="#" panel-name="suite-Suite" title="testCases.TC001_PositiveLoginTest" class="method navigator-link" hash-for-method="verifyurl">verifyurl</a> <!-- method navigator-link -->
                      </span>
                      <br/>
                    </div> <!-- method-list-content passed suite-Suite -->
                  </li>
                </ul>
              </div> <!-- suite-section-content -->
            </div> <!-- result-section -->
          </div> <!-- navigator-suite-content -->
        </div> <!-- rounded-window -->
      </div> <!-- suite -->
    </div> <!-- navigator-root -->
    <div class="wrapper">
      <div class="main-panel-root">
        <div panel-name="suite-Suite" class="panel Suite">
          <div class="suite-Suite-class-failed">
            <div class="main-panel-header rounded-window-top">
              <img src="failed.png"/>
              <span class="class-name">testCases.TC012_BrokenLinksTest</span>
            </div> <!-- main-panel-header rounded-window-top -->
            <div class="main-panel-content rounded-window-bottom">
              <div class="method">
                <div class="method-content">
                  <a name="isBrokenLinkExist">
                  </a> <!-- isBrokenLinkExist -->
                  <span class="method-name">isBrokenLinkExist</span>
                  <div class="stack-trace">java.lang.AssertionError: null
	at testCases.TC012_BrokenLinksTest.isBrokenLinkExist(TC012_BrokenLinksTest.java:26)
	at java.base/java.util.ArrayList.forEach(ArrayList.java:1596)
... Removed 31 stack frames
</div> <!-- stack-trace -->
                </div> <!-- method-content -->
              </div> <!-- method -->
            </div> <!-- main-panel-content rounded-window-bottom -->
          </div> <!-- suite-Suite-class-failed -->
          <div class="suite-Suite-class-failed">
            <div class="main-panel-header rounded-window-top">
              <img src="failed.png"/>
              <span class="class-name">testCases.TC010_ContactFormTest</span>
            </div> <!-- main-panel-header rounded-window-top -->
            <div class="main-panel-content rounded-window-bottom">
              <div class="method">
                <div class="method-content">
                  <a name="contactform">
                  </a> <!-- contactform -->
                  <span class="method-name">contactform</span>
                  <div class="stack-trace">org.openqa.selenium.ElementClickInterceptedException: element click intercepted: Element &lt;button type=&quot;submit&quot; name=&quot;wpforms[submit]&quot; id=&quot;wpforms-submit-161&quot; class=&quot;wpforms-submit&quot; data-alt-text=&quot;Sending...&quot; data-submit-text=&quot;...&quot; aria-live=&quot;assertive&quot; value=&quot;wpforms-submit&quot;&gt;Submit&lt;/button&gt; is not clickable at point (640, 928). Other element would receive the click: &lt;div style=&quot;width: 100%; height: 100%; position: fixed; top: 0px; left: 0px; z-index: 2000000000; background-color: rgb(255, 255, 255); opacity: 0.05;&quot;&gt;&lt;/div&gt;
  (Session info: chrome=134.0.6998.118)
Build info: version: &apos;4.28.1&apos;, revision: &apos;73f5ad48a2&apos;
System info: os.name: &apos;Windows 10&apos;, os.arch: &apos;amd64&apos;, os.version: &apos;10.0&apos;, java.version: &apos;21.0.5&apos;
Driver info: org.openqa.selenium.chrome.ChromeDriver
Command: [7dff72c112f7bd3ab5fb9ae4cb037fef, clickElement {id=f.AA21D00D0BE201F17FE6EEBEC83250BA.d.B1A0F821931AADF32C3BF4440D3188FB.e.61}]
Capabilities {acceptInsecureCerts: false, browserName: chrome, browserVersion: 134.0.6998.118, chrome: {chromedriverVersion: 134.0.6998.165 (fd886e2cb29..., userDataDir: C:\Users\hp\AppData\Local\T...}, fedcm:accounts: true, goog:chromeOptions: {debuggerAddress: localhost:51403}, networkConnectionEnabled: false, pageLoadStrategy: normal, platformName: windows, proxy: Proxy(), se:cdp: ws://localhost:51403/devtoo..., se:cdpVersion: 134.0.6998.118, setWindowRect: true, strictFileInteractability: false, timeouts: {implicit: 0, pageLoad: 300000, script: 30000}, unhandledPromptBehavior: dismiss and notify, webauthn:extension:credBlob: true, webauthn:extension:largeBlob: true, webauthn:extension:minPinLength: true, webauthn:extension:prf: true, webauthn:virtualAuthenticators: true}
Element: [[ChromeDriver: chrome on windows (7dff72c112f7bd3ab5fb9ae4cb037fef)] -&gt; xpath: //button[@type=&apos;submit&apos;]]
Session ID: 7dff72c112f7bd3ab5fb9ae4cb037fef
	at org.openqa.selenium.remote.ErrorCodec.decode(ErrorCodec.java:167)
	at org.openqa.selenium.remote.codec.w3c.W3CHttpResponseCodec.decode(W3CHttpResponseCodec.java:138)
	at org.openqa.selenium.remote.codec.w3c.W3CHttpResponseCodec.decode(W3CHttpResponseCodec.java:50)
	at org.openqa.selenium.remote.HttpCommandExecutor.execute(HttpCommandExecutor.java:215)
	at org.openqa.selenium.remote.service.DriverCommandExecutor.invokeExecute(DriverCommandExecutor.java:216)
	at org.openqa.selenium.remote.service.DriverCommandExecutor.execute(DriverCommandExecutor.java:174)
	at org.openqa.selenium.remote.RemoteWebDriver.execute(RemoteWebDriver.java:545)
	at org.openqa.selenium.remote.RemoteWebElement.execute(RemoteWebElement.java:223)
	at org.openqa.selenium.remote.RemoteWebElement.click(RemoteWebElement.java:76)
	at org.openqa.selenium.support.pagefactory.internal.LocatingElementHandler.invoke(LocatingElementHandler.java:51)
	at jdk.proxy2/jdk.proxy2.$Proxy27.click(Unknown Source)
	at pageObject.ContactPage.clicksubmit(ContactPage.java:70)
	at testCases.TC010_ContactFormTest.contactform(TC010_ContactFormTest.java:29)
	at java.base/java.util.ArrayList.forEach(ArrayList.java:1596)
... Removed 34 stack frames
</div> <!-- stack-trace -->
                </div> <!-- method-content -->
              </div> <!-- method -->
            </div> <!-- main-panel-content rounded-window-bottom -->
          </div> <!-- suite-Suite-class-failed -->
          <div class="suite-Suite-class-failed">
            <div class="main-panel-header rounded-window-top">
              <img src="failed.png"/>
              <span class="class-name">testCases.TC011_ContactFormDDTest</span>
            </div> <!-- main-panel-header rounded-window-top -->
            <div class="main-panel-content rounded-window-bottom">
              <div class="method">
                <div class="method-content">
                  <a name="contactform(meera, Patel, m.com, I am teacher, Invalid)">
                  </a> <!-- contactform(meera, Patel, m.com, I am teacher, Invalid) -->
                  <span class="method-name">contactform</span>
                  <span class="parameters">(meera,Patel,m.com,I am teacher,Invalid)</span>
                  <div class="stack-trace">org.openqa.selenium.ElementClickInterceptedException: element click intercepted: Element &lt;a href=&quot;https://practicetestautomation.com/contact/&quot; aria-current=&quot;page&quot;&gt;...&lt;/a&gt; is not clickable at point (1130, 24). Other element would receive the click: &lt;div style=&quot;width: 100%; height: 100%; position: fixed; top: 0px; left: 0px; z-index: 2000000000; background-color: rgb(255, 255, 255); opacity: 0.05;&quot;&gt;&lt;/div&gt;
  (Session info: chrome=134.0.6998.118)
Build info: version: &apos;4.28.1&apos;, revision: &apos;73f5ad48a2&apos;
System info: os.name: &apos;Windows 10&apos;, os.arch: &apos;amd64&apos;, os.version: &apos;10.0&apos;, java.version: &apos;21.0.5&apos;
Driver info: org.openqa.selenium.chrome.ChromeDriver
Command: [bcd2e086ad9a043785f9ed57098ab8d0, clickElement {id=f.A1C6DAA8134BCE8DA7FFE79DE67A6A29.d.616959BEAFE0CF04EC38751AA7DCDDA9.e.64}]
Capabilities {acceptInsecureCerts: false, browserName: chrome, browserVersion: 134.0.6998.118, chrome: {chromedriverVersion: 134.0.6998.165 (fd886e2cb29..., userDataDir: C:\Users\hp\AppData\Local\T...}, fedcm:accounts: true, goog:chromeOptions: {debuggerAddress: localhost:51431}, networkConnectionEnabled: false, pageLoadStrategy: normal, platformName: windows, proxy: Proxy(), se:cdp: ws://localhost:51431/devtoo..., se:cdpVersion: 134.0.6998.118, setWindowRect: true, strictFileInteractability: false, timeouts: {implicit: 0, pageLoad: 300000, script: 30000}, unhandledPromptBehavior: dismiss and notify, webauthn:extension:credBlob: true, webauthn:extension:largeBlob: true, webauthn:extension:minPinLength: true, webauthn:extension:prf: true, webauthn:virtualAuthenticators: true}
Element: [[ChromeDriver: chrome on windows (bcd2e086ad9a043785f9ed57098ab8d0)] -&gt; xpath: //a[normalize-space()=&apos;Contact&apos;]]
Session ID: bcd2e086ad9a043785f9ed57098ab8d0
	at org.openqa.selenium.remote.ErrorCodec.decode(ErrorCodec.java:167)
	at org.openqa.selenium.remote.codec.w3c.W3CHttpResponseCodec.decode(W3CHttpResponseCodec.java:138)
	at org.openqa.selenium.remote.codec.w3c.W3CHttpResponseCodec.decode(W3CHttpResponseCodec.java:50)
	at org.openqa.selenium.remote.HttpCommandExecutor.execute(HttpCommandExecutor.java:215)
	at org.openqa.selenium.remote.service.DriverCommandExecutor.invokeExecute(DriverCommandExecutor.java:216)
	at org.openqa.selenium.remote.service.DriverCommandExecutor.execute(DriverCommandExecutor.java:174)
	at org.openqa.selenium.remote.RemoteWebDriver.execute(RemoteWebDriver.java:545)
	at org.openqa.selenium.remote.RemoteWebElement.execute(RemoteWebElement.java:223)
	at org.openqa.selenium.remote.RemoteWebElement.click(RemoteWebElement.java:76)
	at org.openqa.selenium.support.pagefactory.internal.LocatingElementHandler.invoke(LocatingElementHandler.java:51)
	at jdk.proxy2/jdk.proxy2.$Proxy27.click(Unknown Source)
	at pageObject.HomePage.clickcontactlink(HomePage.java:34)
	at testCases.TC011_ContactFormDDTest.contactform(TC011_ContactFormDDTest.java:18)
	at java.base/java.util.ArrayList.forEach(ArrayList.java:1596)
... Removed 34 stack frames
</div> <!-- stack-trace -->
                </div> <!-- method-content -->
              </div> <!-- method -->
              <div class="method">
                <div class="method-content">
                  <a name="contactform(, shah, s@gmail.com, I am student, Invalid)">
                  </a> <!-- contactform(, shah, s@gmail.com, I am student, Invalid) -->
                  <span class="method-name">contactform</span>
                  <span class="parameters">(,shah,s@gmail.com,I am student,Invalid)</span>
                  <div class="stack-trace">org.openqa.selenium.ElementClickInterceptedException: element click intercepted: Element &lt;a href=&quot;https://practicetestautomation.com/contact/&quot; aria-current=&quot;page&quot;&gt;...&lt;/a&gt; is not clickable at point (1130, 24). Other element would receive the click: &lt;div style=&quot;width: 100%; height: 100%; position: fixed; top: 0px; left: 0px; z-index: 2000000000; background-color: rgb(255, 255, 255); opacity: 0.05;&quot;&gt;&lt;/div&gt;
  (Session info: chrome=134.0.6998.118)
Build info: version: &apos;4.28.1&apos;, revision: &apos;73f5ad48a2&apos;
System info: os.name: &apos;Windows 10&apos;, os.arch: &apos;amd64&apos;, os.version: &apos;10.0&apos;, java.version: &apos;21.0.5&apos;
Driver info: org.openqa.selenium.chrome.ChromeDriver
Command: [bcd2e086ad9a043785f9ed57098ab8d0, clickElement {id=f.A1C6DAA8134BCE8DA7FFE79DE67A6A29.d.616959BEAFE0CF04EC38751AA7DCDDA9.e.64}]
Capabilities {acceptInsecureCerts: false, browserName: chrome, browserVersion: 134.0.6998.118, chrome: {chromedriverVersion: 134.0.6998.165 (fd886e2cb29..., userDataDir: C:\Users\hp\AppData\Local\T...}, fedcm:accounts: true, goog:chromeOptions: {debuggerAddress: localhost:51431}, networkConnectionEnabled: false, pageLoadStrategy: normal, platformName: windows, proxy: Proxy(), se:cdp: ws://localhost:51431/devtoo..., se:cdpVersion: 134.0.6998.118, setWindowRect: true, strictFileInteractability: false, timeouts: {implicit: 0, pageLoad: 300000, script: 30000}, unhandledPromptBehavior: dismiss and notify, webauthn:extension:credBlob: true, webauthn:extension:largeBlob: true, webauthn:extension:minPinLength: true, webauthn:extension:prf: true, webauthn:virtualAuthenticators: true}
Element: [[ChromeDriver: chrome on windows (bcd2e086ad9a043785f9ed57098ab8d0)] -&gt; xpath: //a[normalize-space()=&apos;Contact&apos;]]
Session ID: bcd2e086ad9a043785f9ed57098ab8d0
	at org.openqa.selenium.remote.ErrorCodec.decode(ErrorCodec.java:167)
	at org.openqa.selenium.remote.codec.w3c.W3CHttpResponseCodec.decode(W3CHttpResponseCodec.java:138)
	at org.openqa.selenium.remote.codec.w3c.W3CHttpResponseCodec.decode(W3CHttpResponseCodec.java:50)
	at org.openqa.selenium.remote.HttpCommandExecutor.execute(HttpCommandExecutor.java:215)
	at org.openqa.selenium.remote.service.DriverCommandExecutor.invokeExecute(DriverCommandExecutor.java:216)
	at org.openqa.selenium.remote.service.DriverCommandExecutor.execute(DriverCommandExecutor.java:174)
	at org.openqa.selenium.remote.RemoteWebDriver.execute(RemoteWebDriver.java:545)
	at org.openqa.selenium.remote.RemoteWebElement.execute(RemoteWebElement.java:223)
	at org.openqa.selenium.remote.RemoteWebElement.click(RemoteWebElement.java:76)
	at org.openqa.selenium.support.pagefactory.internal.LocatingElementHandler.invoke(LocatingElementHandler.java:51)
	at jdk.proxy2/jdk.proxy2.$Proxy27.click(Unknown Source)
	at pageObject.HomePage.clickcontactlink(HomePage.java:34)
	at testCases.TC011_ContactFormDDTest.contactform(TC011_ContactFormDDTest.java:18)
	at java.base/java.util.ArrayList.forEach(ArrayList.java:1596)
... Removed 34 stack frames
</div> <!-- stack-trace -->
                </div> <!-- method-content -->
              </div> <!-- method -->
              <div class="method">
                <div class="method-content">
                  <a name="contactform(raj, patel, r@gmail.com, I am student, Valid)">
                  </a> <!-- contactform(raj, patel, r@gmail.com, I am student, Valid) -->
                  <span class="method-name">contactform</span>
                  <span class="parameters">(raj,patel,r@gmail.com,I am student,Valid)</span>
                  <div class="stack-trace">org.openqa.selenium.ElementClickInterceptedException: element click intercepted: Element &lt;button type=&quot;submit&quot; name=&quot;wpforms[submit]&quot; id=&quot;wpforms-submit-161&quot; class=&quot;wpforms-submit&quot; data-alt-text=&quot;Sending...&quot; data-submit-text=&quot;...&quot; aria-live=&quot;assertive&quot; value=&quot;wpforms-submit&quot;&gt;Submit&lt;/button&gt; is not clickable at point (640, 928). Other element would receive the click: &lt;div style=&quot;width: 100%; height: 100%; position: fixed; top: 0px; left: 0px; z-index: 2000000000; background-color: rgb(255, 255, 255); opacity: 0.05;&quot;&gt;&lt;/div&gt;
  (Session info: chrome=134.0.6998.118)
Build info: version: &apos;4.28.1&apos;, revision: &apos;73f5ad48a2&apos;
System info: os.name: &apos;Windows 10&apos;, os.arch: &apos;amd64&apos;, os.version: &apos;10.0&apos;, java.version: &apos;21.0.5&apos;
Driver info: org.openqa.selenium.chrome.ChromeDriver
Command: [bcd2e086ad9a043785f9ed57098ab8d0, clickElement {id=f.A1C6DAA8134BCE8DA7FFE79DE67A6A29.d.616959BEAFE0CF04EC38751AA7DCDDA9.e.60}]
Capabilities {acceptInsecureCerts: false, browserName: chrome, browserVersion: 134.0.6998.118, chrome: {chromedriverVersion: 134.0.6998.165 (fd886e2cb29..., userDataDir: C:\Users\hp\AppData\Local\T...}, fedcm:accounts: true, goog:chromeOptions: {debuggerAddress: localhost:51431}, networkConnectionEnabled: false, pageLoadStrategy: normal, platformName: windows, proxy: Proxy(), se:cdp: ws://localhost:51431/devtoo..., se:cdpVersion: 134.0.6998.118, setWindowRect: true, strictFileInteractability: false, timeouts: {implicit: 0, pageLoad: 300000, script: 30000}, unhandledPromptBehavior: dismiss and notify, webauthn:extension:credBlob: true, webauthn:extension:largeBlob: true, webauthn:extension:minPinLength: true, webauthn:extension:prf: true, webauthn:virtualAuthenticators: true}
Element: [[ChromeDriver: chrome on windows (bcd2e086ad9a043785f9ed57098ab8d0)] -&gt; xpath: //button[@type=&apos;submit&apos;]]
Session ID: bcd2e086ad9a043785f9ed57098ab8d0
	at org.openqa.selenium.remote.ErrorCodec.decode(ErrorCodec.java:167)
	at org.openqa.selenium.remote.codec.w3c.W3CHttpResponseCodec.decode(W3CHttpResponseCodec.java:138)
	at org.openqa.selenium.remote.codec.w3c.W3CHttpResponseCodec.decode(W3CHttpResponseCodec.java:50)
	at org.openqa.selenium.remote.HttpCommandExecutor.execute(HttpCommandExecutor.java:215)
	at org.openqa.selenium.remote.service.DriverCommandExecutor.invokeExecute(DriverCommandExecutor.java:216)
	at org.openqa.selenium.remote.service.DriverCommandExecutor.execute(DriverCommandExecutor.java:174)
	at org.openqa.selenium.remote.RemoteWebDriver.execute(RemoteWebDriver.java:545)
	at org.openqa.selenium.remote.RemoteWebElement.execute(RemoteWebElement.java:223)
	at org.openqa.selenium.remote.RemoteWebElement.click(RemoteWebElement.java:76)
	at org.openqa.selenium.support.pagefactory.internal.LocatingElementHandler.invoke(LocatingElementHandler.java:51)
	at jdk.proxy2/jdk.proxy2.$Proxy27.click(Unknown Source)
	at pageObject.ContactPage.clicksubmit(ContactPage.java:70)
	at testCases.TC011_ContactFormDDTest.contactform(TC011_ContactFormDDTest.java:29)
	at java.base/java.util.ArrayList.forEach(ArrayList.java:1596)
... Removed 34 stack frames
</div> <!-- stack-trace -->
                </div> <!-- method-content -->
              </div> <!-- method -->
              <div class="method">
                <div class="method-content">
                  <a name="contactform(brijesha, patel, b@gmail.com, , invalid)">
                  </a> <!-- contactform(brijesha, patel, b@gmail.com, , invalid) -->
                  <span class="method-name">contactform</span>
                  <span class="parameters">(brijesha,patel,b@gmail.com,,invalid)</span>
                  <div class="stack-trace">org.openqa.selenium.ElementClickInterceptedException: element click intercepted: Element &lt;a href=&quot;https://practicetestautomation.com/contact/&quot; aria-current=&quot;page&quot;&gt;...&lt;/a&gt; is not clickable at point (1130, 24). Other element would receive the click: &lt;div style=&quot;width: 100%; height: 100%; position: fixed; top: 0px; left: 0px; z-index: 2000000000; background-color: rgb(255, 255, 255); opacity: 0.05;&quot;&gt;&lt;/div&gt;
  (Session info: chrome=134.0.6998.118)
Build info: version: &apos;4.28.1&apos;, revision: &apos;73f5ad48a2&apos;
System info: os.name: &apos;Windows 10&apos;, os.arch: &apos;amd64&apos;, os.version: &apos;10.0&apos;, java.version: &apos;21.0.5&apos;
Driver info: org.openqa.selenium.chrome.ChromeDriver
Command: [bcd2e086ad9a043785f9ed57098ab8d0, clickElement {id=f.A1C6DAA8134BCE8DA7FFE79DE67A6A29.d.616959BEAFE0CF04EC38751AA7DCDDA9.e.64}]
Capabilities {acceptInsecureCerts: false, browserName: chrome, browserVersion: 134.0.6998.118, chrome: {chromedriverVersion: 134.0.6998.165 (fd886e2cb29..., userDataDir: C:\Users\hp\AppData\Local\T...}, fedcm:accounts: true, goog:chromeOptions: {debuggerAddress: localhost:51431}, networkConnectionEnabled: false, pageLoadStrategy: normal, platformName: windows, proxy: Proxy(), se:cdp: ws://localhost:51431/devtoo..., se:cdpVersion: 134.0.6998.118, setWindowRect: true, strictFileInteractability: false, timeouts: {implicit: 0, pageLoad: 300000, script: 30000}, unhandledPromptBehavior: dismiss and notify, webauthn:extension:credBlob: true, webauthn:extension:largeBlob: true, webauthn:extension:minPinLength: true, webauthn:extension:prf: true, webauthn:virtualAuthenticators: true}
Element: [[ChromeDriver: chrome on windows (bcd2e086ad9a043785f9ed57098ab8d0)] -&gt; xpath: //a[normalize-space()=&apos;Contact&apos;]]
Session ID: bcd2e086ad9a043785f9ed57098ab8d0
	at org.openqa.selenium.remote.ErrorCodec.decode(ErrorCodec.java:167)
	at org.openqa.selenium.remote.codec.w3c.W3CHttpResponseCodec.decode(W3CHttpResponseCodec.java:138)
	at org.openqa.selenium.remote.codec.w3c.W3CHttpResponseCodec.decode(W3CHttpResponseCodec.java:50)
	at org.openqa.selenium.remote.HttpCommandExecutor.execute(HttpCommandExecutor.java:215)
	at org.openqa.selenium.remote.service.DriverCommandExecutor.invokeExecute(DriverCommandExecutor.java:216)
	at org.openqa.selenium.remote.service.DriverCommandExecutor.execute(DriverCommandExecutor.java:174)
	at org.openqa.selenium.remote.RemoteWebDriver.execute(RemoteWebDriver.java:545)
	at org.openqa.selenium.remote.RemoteWebElement.execute(RemoteWebElement.java:223)
	at org.openqa.selenium.remote.RemoteWebElement.click(RemoteWebElement.java:76)
	at org.openqa.selenium.support.pagefactory.internal.LocatingElementHandler.invoke(LocatingElementHandler.java:51)
	at jdk.proxy2/jdk.proxy2.$Proxy27.click(Unknown Source)
	at pageObject.HomePage.clickcontactlink(HomePage.java:34)
	at testCases.TC011_ContactFormDDTest.contactform(TC011_ContactFormDDTest.java:18)
	at java.base/java.util.ArrayList.forEach(ArrayList.java:1596)
... Removed 34 stack frames
</div> <!-- stack-trace -->
                </div> <!-- method-content -->
              </div> <!-- method -->
              <div class="method">
                <div class="method-content">
                  <a name="contactform(kabie, Patel, , I am student, Invalid)">
                  </a> <!-- contactform(kabie, Patel, , I am student, Invalid) -->
                  <span class="method-name">contactform</span>
                  <span class="parameters">(kabie,Patel,,I am student,Invalid)</span>
                  <div class="stack-trace">org.openqa.selenium.ElementClickInterceptedException: element click intercepted: Element &lt;a href=&quot;https://practicetestautomation.com/contact/&quot; aria-current=&quot;page&quot;&gt;...&lt;/a&gt; is not clickable at point (1130, 24). Other element would receive the click: &lt;div style=&quot;width: 100%; height: 100%; position: fixed; top: 0px; left: 0px; z-index: 2000000000; background-color: rgb(255, 255, 255); opacity: 0.05;&quot;&gt;&lt;/div&gt;
  (Session info: chrome=134.0.6998.118)
Build info: version: &apos;4.28.1&apos;, revision: &apos;73f5ad48a2&apos;
System info: os.name: &apos;Windows 10&apos;, os.arch: &apos;amd64&apos;, os.version: &apos;10.0&apos;, java.version: &apos;21.0.5&apos;
Driver info: org.openqa.selenium.chrome.ChromeDriver
Command: [bcd2e086ad9a043785f9ed57098ab8d0, clickElement {id=f.A1C6DAA8134BCE8DA7FFE79DE67A6A29.d.616959BEAFE0CF04EC38751AA7DCDDA9.e.64}]
Capabilities {acceptInsecureCerts: false, browserName: chrome, browserVersion: 134.0.6998.118, chrome: {chromedriverVersion: 134.0.6998.165 (fd886e2cb29..., userDataDir: C:\Users\hp\AppData\Local\T...}, fedcm:accounts: true, goog:chromeOptions: {debuggerAddress: localhost:51431}, networkConnectionEnabled: false, pageLoadStrategy: normal, platformName: windows, proxy: Proxy(), se:cdp: ws://localhost:51431/devtoo..., se:cdpVersion: 134.0.6998.118, setWindowRect: true, strictFileInteractability: false, timeouts: {implicit: 0, pageLoad: 300000, script: 30000}, unhandledPromptBehavior: dismiss and notify, webauthn:extension:credBlob: true, webauthn:extension:largeBlob: true, webauthn:extension:minPinLength: true, webauthn:extension:prf: true, webauthn:virtualAuthenticators: true}
Element: [[ChromeDriver: chrome on windows (bcd2e086ad9a043785f9ed57098ab8d0)] -&gt; xpath: //a[normalize-space()=&apos;Contact&apos;]]
Session ID: bcd2e086ad9a043785f9ed57098ab8d0
	at org.openqa.selenium.remote.ErrorCodec.decode(ErrorCodec.java:167)
	at org.openqa.selenium.remote.codec.w3c.W3CHttpResponseCodec.decode(W3CHttpResponseCodec.java:138)
	at org.openqa.selenium.remote.codec.w3c.W3CHttpResponseCodec.decode(W3CHttpResponseCodec.java:50)
	at org.openqa.selenium.remote.HttpCommandExecutor.execute(HttpCommandExecutor.java:215)
	at org.openqa.selenium.remote.service.DriverCommandExecutor.invokeExecute(DriverCommandExecutor.java:216)
	at org.openqa.selenium.remote.service.DriverCommandExecutor.execute(DriverCommandExecutor.java:174)
	at org.openqa.selenium.remote.RemoteWebDriver.execute(RemoteWebDriver.java:545)
	at org.openqa.selenium.remote.RemoteWebElement.execute(RemoteWebElement.java:223)
	at org.openqa.selenium.remote.RemoteWebElement.click(RemoteWebElement.java:76)
	at org.openqa.selenium.support.pagefactory.internal.LocatingElementHandler.invoke(LocatingElementHandler.java:51)
	at jdk.proxy2/jdk.proxy2.$Proxy27.click(Unknown Source)
	at pageObject.HomePage.clickcontactlink(HomePage.java:34)
	at testCases.TC011_ContactFormDDTest.contactform(TC011_ContactFormDDTest.java:18)
	at java.base/java.util.ArrayList.forEach(ArrayList.java:1596)
... Removed 34 stack frames
</div> <!-- stack-trace -->
                </div> <!-- method-content -->
              </div> <!-- method -->
              <div class="method">
                <div class="method-content">
                  <a name="contactform(jay, , j@gmail.com, I am teacher, Invalid)">
                  </a> <!-- contactform(jay, , j@gmail.com, I am teacher, Invalid) -->
                  <span class="method-name">contactform</span>
                  <span class="parameters">(jay,,j@gmail.com,I am teacher,Invalid)</span>
                  <div class="stack-trace">org.openqa.selenium.ElementClickInterceptedException: element click intercepted: Element &lt;a href=&quot;https://practicetestautomation.com/contact/&quot; aria-current=&quot;page&quot;&gt;...&lt;/a&gt; is not clickable at point (1130, 24). Other element would receive the click: &lt;div style=&quot;width: 100%; height: 100%; position: fixed; top: 0px; left: 0px; z-index: 2000000000; background-color: rgb(255, 255, 255); opacity: 0.05;&quot;&gt;&lt;/div&gt;
  (Session info: chrome=134.0.6998.118)
Build info: version: &apos;4.28.1&apos;, revision: &apos;73f5ad48a2&apos;
System info: os.name: &apos;Windows 10&apos;, os.arch: &apos;amd64&apos;, os.version: &apos;10.0&apos;, java.version: &apos;21.0.5&apos;
Driver info: org.openqa.selenium.chrome.ChromeDriver
Command: [bcd2e086ad9a043785f9ed57098ab8d0, clickElement {id=f.A1C6DAA8134BCE8DA7FFE79DE67A6A29.d.616959BEAFE0CF04EC38751AA7DCDDA9.e.64}]
Capabilities {acceptInsecureCerts: false, browserName: chrome, browserVersion: 134.0.6998.118, chrome: {chromedriverVersion: 134.0.6998.165 (fd886e2cb29..., userDataDir: C:\Users\hp\AppData\Local\T...}, fedcm:accounts: true, goog:chromeOptions: {debuggerAddress: localhost:51431}, networkConnectionEnabled: false, pageLoadStrategy: normal, platformName: windows, proxy: Proxy(), se:cdp: ws://localhost:51431/devtoo..., se:cdpVersion: 134.0.6998.118, setWindowRect: true, strictFileInteractability: false, timeouts: {implicit: 0, pageLoad: 300000, script: 30000}, unhandledPromptBehavior: dismiss and notify, webauthn:extension:credBlob: true, webauthn:extension:largeBlob: true, webauthn:extension:minPinLength: true, webauthn:extension:prf: true, webauthn:virtualAuthenticators: true}
Element: [[ChromeDriver: chrome on windows (bcd2e086ad9a043785f9ed57098ab8d0)] -&gt; xpath: //a[normalize-space()=&apos;Contact&apos;]]
Session ID: bcd2e086ad9a043785f9ed57098ab8d0
	at org.openqa.selenium.remote.ErrorCodec.decode(ErrorCodec.java:167)
	at org.openqa.selenium.remote.codec.w3c.W3CHttpResponseCodec.decode(W3CHttpResponseCodec.java:138)
	at org.openqa.selenium.remote.codec.w3c.W3CHttpResponseCodec.decode(W3CHttpResponseCodec.java:50)
	at org.openqa.selenium.remote.HttpCommandExecutor.execute(HttpCommandExecutor.java:215)
	at org.openqa.selenium.remote.service.DriverCommandExecutor.invokeExecute(DriverCommandExecutor.java:216)
	at org.openqa.selenium.remote.service.DriverCommandExecutor.execute(DriverCommandExecutor.java:174)
	at org.openqa.selenium.remote.RemoteWebDriver.execute(RemoteWebDriver.java:545)
	at org.openqa.selenium.remote.RemoteWebElement.execute(RemoteWebElement.java:223)
	at org.openqa.selenium.remote.RemoteWebElement.click(RemoteWebElement.java:76)
	at org.openqa.selenium.support.pagefactory.internal.LocatingElementHandler.invoke(LocatingElementHandler.java:51)
	at jdk.proxy2/jdk.proxy2.$Proxy27.click(Unknown Source)
	at pageObject.HomePage.clickcontactlink(HomePage.java:34)
	at testCases.TC011_ContactFormDDTest.contactform(TC011_ContactFormDDTest.java:18)
	at java.base/java.util.ArrayList.forEach(ArrayList.java:1596)
... Removed 34 stack frames
</div> <!-- stack-trace -->
                </div> <!-- method-content -->
              </div> <!-- method -->
            </div> <!-- main-panel-content rounded-window-bottom -->
          </div> <!-- suite-Suite-class-failed -->
          <div class="suite-Suite-class-passed">
            <div class="main-panel-header rounded-window-top">
              <img src="passed.png"/>
              <span class="class-name">testCases.TC004_NoSuchElementExceptionTest</span>
            </div> <!-- main-panel-header rounded-window-top -->
            <div class="main-panel-content rounded-window-bottom">
              <div class="method">
                <div class="method-content">
                  <a name="verifyrow2input">
                  </a> <!-- verifyrow2input -->
                  <span class="method-name">verifyrow2input</span>
                </div> <!-- method-content -->
              </div> <!-- method -->
            </div> <!-- main-panel-content rounded-window-bottom -->
          </div> <!-- suite-Suite-class-passed -->
          <div class="suite-Suite-class-passed">
            <div class="main-panel-header rounded-window-top">
              <img src="passed.png"/>
              <span class="class-name">testCases.TC002_NegativeUserNameTest</span>
            </div> <!-- main-panel-header rounded-window-top -->
            <div class="main-panel-content rounded-window-bottom">
              <div class="method">
                <div class="method-content">
                  <a name="negativeusername">
                  </a> <!-- negativeusername -->
                  <span class="method-name">negativeusername</span>
                </div> <!-- method-content -->
              </div> <!-- method -->
            </div> <!-- main-panel-content rounded-window-bottom -->
          </div> <!-- suite-Suite-class-passed -->
          <div class="suite-Suite-class-passed">
            <div class="main-panel-header rounded-window-top">
              <img src="passed.png"/>
              <span class="class-name">testCases.TC006_InvalidElementStateExceptionTest</span>
            </div> <!-- main-panel-header rounded-window-top -->
            <div class="main-panel-content rounded-window-bottom">
              <div class="method">
                <div class="method-content">
                  <a name="disabledinput">
                  </a> <!-- disabledinput -->
                  <span class="method-name">disabledinput</span>
                </div> <!-- method-content -->
              </div> <!-- method -->
            </div> <!-- main-panel-content rounded-window-bottom -->
          </div> <!-- suite-Suite-class-passed -->
          <div class="suite-Suite-class-passed">
            <div class="main-panel-header rounded-window-top">
              <img src="passed.png"/>
              <span class="class-name">testCases.TC007_StaleElementReferenceExceptionTest</span>
            </div> <!-- main-panel-header rounded-window-top -->
            <div class="main-panel-content rounded-window-bottom">
              <div class="method">
                <div class="method-content">
                  <a name="verifyinstuctiondisremoved">
                  </a> <!-- verifyinstuctiondisremoved -->
                  <span class="method-name">verifyinstuctiondisremoved</span>
                </div> <!-- method-content -->
              </div> <!-- method -->
            </div> <!-- main-panel-content rounded-window-bottom -->
          </div> <!-- suite-Suite-class-passed -->
          <div class="suite-Suite-class-passed">
            <div class="main-panel-header rounded-window-top">
              <img src="passed.png"/>
              <span class="class-name">testCases.TC005_ElementNotInteractableExceptionTest</span>
            </div> <!-- main-panel-header rounded-window-top -->
            <div class="main-panel-content rounded-window-bottom">
              <div class="method">
                <div class="method-content">
                  <a name="ElementNotInteractableExceptionTest">
                  </a> <!-- ElementNotInteractableExceptionTest -->
                  <span class="method-name">ElementNotInteractableExceptionTest</span>
                </div> <!-- method-content -->
              </div> <!-- method -->
            </div> <!-- main-panel-content rounded-window-bottom -->
          </div> <!-- suite-Suite-class-passed -->
          <div class="suite-Suite-class-passed">
            <div class="main-panel-header rounded-window-top">
              <img src="passed.png"/>
              <span class="class-name">testCases.TC008_TimeoutExceptionTest</span>
            </div> <!-- main-panel-header rounded-window-top -->
            <div class="main-panel-content rounded-window-bottom">
              <div class="method">
                <div class="method-content">
                  <a name="verifysecondinputDisplayed">
                  </a> <!-- verifysecondinputDisplayed -->
                  <span class="method-name">verifysecondinputDisplayed</span>
                </div> <!-- method-content -->
              </div> <!-- method -->
            </div> <!-- main-panel-content rounded-window-bottom -->
          </div> <!-- suite-Suite-class-passed -->
          <div class="suite-Suite-class-passed">
            <div class="main-panel-header rounded-window-top">
              <img src="passed.png"/>
              <span class="class-name">testCases.TC003_NegativePasswordTest</span>
            </div> <!-- main-panel-header rounded-window-top -->
            <div class="main-panel-content rounded-window-bottom">
              <div class="method">
                <div class="method-content">
                  <a name="negativepassword">
                  </a> <!-- negativepassword -->
                  <span class="method-name">negativepassword</span>
                </div> <!-- method-content -->
              </div> <!-- method -->
            </div> <!-- main-panel-content rounded-window-bottom -->
          </div> <!-- suite-Suite-class-passed -->
          <div class="suite-Suite-class-passed">
            <div class="main-panel-header rounded-window-top">
              <img src="passed.png"/>
              <span class="class-name">testCases.TC001_PositiveLoginTest</span>
            </div> <!-- main-panel-header rounded-window-top -->
            <div class="main-panel-content rounded-window-bottom">
              <div class="method">
                <div class="method-content">
                  <a name="logoutbtncheck">
                  </a> <!-- logoutbtncheck -->
                  <span class="method-name">logoutbtncheck</span>
                </div> <!-- method-content -->
              </div> <!-- method -->
              <div class="method">
                <div class="method-content">
                  <a name="verifycongratulationmsg">
                  </a> <!-- verifycongratulationmsg -->
                  <span class="method-name">verifycongratulationmsg</span>
                </div> <!-- method-content -->
              </div> <!-- method -->
              <div class="method">
                <div class="method-content">
                  <a name="verifyurl">
                  </a> <!-- verifyurl -->
                  <span class="method-name">verifyurl</span>
                </div> <!-- method-content -->
              </div> <!-- method -->
            </div> <!-- main-panel-content rounded-window-bottom -->
          </div> <!-- suite-Suite-class-passed -->
          <div class="suite-Suite-class-passed">
            <div class="main-panel-header rounded-window-top">
              <img src="passed.png"/>
              <span class="class-name">testCases.TC009_LoginDDTest</span>
            </div> <!-- main-panel-header rounded-window-top -->
            <div class="main-panel-content rounded-window-bottom">
              <div class="method">
                <div class="method-content">
                  <a name="dtdlogin(prq, , Invalid)">
                  </a> <!-- dtdlogin(prq, , Invalid) -->
                  <span class="method-name">dtdlogin</span>
                  <span class="parameters">(prq,,Invalid)</span>
                </div> <!-- method-content -->
              </div> <!-- method -->
              <div class="method">
                <div class="method-content">
                  <a name="dtdlogin(, pqr1, Invalid)">
                  </a> <!-- dtdlogin(, pqr1, Invalid) -->
                  <span class="method-name">dtdlogin</span>
                  <span class="parameters">(,pqr1,Invalid)</span>
                </div> <!-- method-content -->
              </div> <!-- method -->
              <div class="method">
                <div class="method-content">
                  <a name="dtdlogin(abc, Password123, Invalid)">
                  </a> <!-- dtdlogin(abc, Password123, Invalid) -->
                  <span class="method-name">dtdlogin</span>
                  <span class="parameters">(abc,Password123,Invalid)</span>
                </div> <!-- method-content -->
              </div> <!-- method -->
              <div class="method">
                <div class="method-content">
                  <a name="dtdlogin(student, Password123, Valid)">
                  </a> <!-- dtdlogin(student, Password123, Valid) -->
                  <span class="method-name">dtdlogin</span>
                  <span class="parameters">(student,Password123,Valid)</span>
                </div> <!-- method-content -->
              </div> <!-- method -->
              <div class="method">
                <div class="method-content">
                  <a name="dtdlogin(student, xyz123, Invalid)">
                  </a> <!-- dtdlogin(student, xyz123, Invalid) -->
                  <span class="method-name">dtdlogin</span>
                  <span class="parameters">(student,xyz123,Invalid)</span>
                </div> <!-- method-content -->
              </div> <!-- method -->
              <div class="method">
                <div class="method-content">
                  <a name="dtdlogin(std, , Invalid)">
                  </a> <!-- dtdlogin(std, , Invalid) -->
                  <span class="method-name">dtdlogin</span>
                  <span class="parameters">(std,,Invalid)</span>
                </div> <!-- method-content -->
              </div> <!-- method -->
            </div> <!-- main-panel-content rounded-window-bottom -->
          </div> <!-- suite-Suite-class-passed -->
        </div> <!-- panel Suite -->
        <div panel-name="test-xml-Suite" class="panel">
          <div class="main-panel-header rounded-window-top">
            <span class="header-content">E:\java\selenium\webdriver\PracticeAutomation\Master.xml</span>
          </div> <!-- main-panel-header rounded-window-top -->
          <div class="main-panel-content rounded-window-bottom">
            <pre>
&lt;?xml version=&quot;1.0&quot; encoding=&quot;UTF-8&quot;?&gt;
&lt;!DOCTYPE suite SYSTEM &quot;https://testng.org/testng-1.0.dtd&quot;&gt;
&lt;suite name=&quot;Suite&quot; guice-stage=&quot;DEVELOPMENT&quot; verbose=&quot;0&quot;&gt;
  &lt;listeners&gt;
    &lt;listener class-name=&quot;utilities.ExtentReportManager&quot;/&gt;
  &lt;/listeners&gt;
  &lt;test thread-count=&quot;5&quot; name=&quot;Testchrome&quot; verbose=&quot;0&quot;&gt;
    &lt;parameter name=&quot;os&quot; value=&quot;window&quot;/&gt;
    &lt;parameter name=&quot;browser&quot; value=&quot;chrome&quot;/&gt;
    &lt;classes&gt;
      &lt;class name=&quot;testCases.TC001_PositiveLoginTest&quot;/&gt;
      &lt;class name=&quot;testCases.TC002_NegativeUserNameTest&quot;/&gt;
      &lt;class name=&quot;testCases.TC003_NegativePasswordTest&quot;/&gt;
      &lt;class name=&quot;testCases.TC004_NoSuchElementExceptionTest&quot;/&gt;
      &lt;class name=&quot;testCases.TC005_ElementNotInteractableExceptionTest&quot;/&gt;
      &lt;class name=&quot;testCases.TC006_InvalidElementStateExceptionTest&quot;/&gt;
      &lt;class name=&quot;testCases.TC007_StaleElementReferenceExceptionTest&quot;/&gt;
      &lt;class name=&quot;testCases.TC008_TimeoutExceptionTest&quot;/&gt;
      &lt;class name=&quot;testCases.TC009_LoginDDTest&quot;/&gt;
      &lt;class name=&quot;testCases.TC010_ContactFormTest&quot;/&gt;
      &lt;class name=&quot;testCases.TC011_ContactFormDDTest&quot;/&gt;
      &lt;class name=&quot;testCases.TC012_BrokenLinksTest&quot;/&gt;
    &lt;/classes&gt;
  &lt;/test&gt; &lt;!-- Testchrome --&gt;
&lt;/suite&gt; &lt;!-- Suite --&gt;
            </pre>
          </div> <!-- main-panel-content rounded-window-bottom -->
        </div> <!-- panel -->
        <div panel-name="testlist-Suite" class="panel">
          <div class="main-panel-header rounded-window-top">
            <span class="header-content">Tests for Suite</span>
          </div> <!-- main-panel-header rounded-window-top -->
          <div class="main-panel-content rounded-window-bottom">
            <ul>
              <li>
                <span class="test-name">Testchrome (12 classes)</span>
              </li>
            </ul>
          </div> <!-- main-panel-content rounded-window-bottom -->
        </div> <!-- panel -->
        <div panel-name="group-Suite" class="panel">
          <div class="main-panel-header rounded-window-top">
            <span class="header-content">Groups for Suite</span>
          </div> <!-- main-panel-header rounded-window-top -->
          <div class="main-panel-content rounded-window-bottom">
          </div> <!-- main-panel-content rounded-window-bottom -->
        </div> <!-- panel -->
        <div panel-name="times-Suite" class="panel">
          <div class="main-panel-header rounded-window-top">
            <span class="header-content">Times for Suite</span>
          </div> <!-- main-panel-header rounded-window-top -->
          <div class="main-panel-content rounded-window-bottom">
            <div class="times-div">
              <script type="text/javascript">
suiteTableInitFunctions.push('tableData_Suite');
function tableData_Suite() {
var data = new google.visualization.DataTable();
data.addColumn('number', 'Number');
data.addColumn('string', 'Method');
data.addColumn('string', 'Class');
data.addColumn('number', 'Time (ms)');
data.addRows(24);
data.setCell(0, 0, 0)
data.setCell(0, 1, 'isBrokenLinkExist')
data.setCell(0, 2, 'testCases.TC012_BrokenLinksTest')
data.setCell(0, 3, 37272);
data.setCell(1, 0, 1)
data.setCell(1, 1, 'contactform')
data.setCell(1, 2, 'testCases.TC011_ContactFormDDTest')
data.setCell(1, 3, 26115);
data.setCell(2, 0, 2)
data.setCell(2, 1, 'contactform')
data.setCell(2, 2, 'testCases.TC010_ContactFormTest')
data.setCell(2, 3, 20427);
data.setCell(3, 0, 3)
data.setCell(3, 1, 'verifyinstuctiondisremoved')
data.setCell(3, 2, 'testCases.TC007_StaleElementReferenceExceptionTest')
data.setCell(3, 3, 7613);
data.setCell(4, 0, 4)
data.setCell(4, 1, 'ElementNotInteractableExceptionTest')
data.setCell(4, 2, 'testCases.TC005_ElementNotInteractableExceptionTest')
data.setCell(4, 3, 6903);
data.setCell(5, 0, 5)
data.setCell(5, 1, 'verifyrow2input')
data.setCell(5, 2, 'testCases.TC004_NoSuchElementExceptionTest')
data.setCell(5, 3, 6726);
data.setCell(6, 0, 6)
data.setCell(6, 1, 'verifysecondinputDisplayed')
data.setCell(6, 2, 'testCases.TC008_TimeoutExceptionTest')
data.setCell(6, 3, 6654);
data.setCell(7, 0, 7)
data.setCell(7, 1, 'negativeusername')
data.setCell(7, 2, 'testCases.TC002_NegativeUserNameTest')
data.setCell(7, 3, 4762);
data.setCell(8, 0, 8)
data.setCell(8, 1, 'disabledinput')
data.setCell(8, 2, 'testCases.TC006_InvalidElementStateExceptionTest')
data.setCell(8, 3, 3351);
data.setCell(9, 0, 9)
data.setCell(9, 1, 'dtdlogin')
data.setCell(9, 2, 'testCases.TC009_LoginDDTest')
data.setCell(9, 3, 2830);
data.setCell(10, 0, 10)
data.setCell(10, 1, 'dtdlogin')
data.setCell(10, 2, 'testCases.TC009_LoginDDTest')
data.setCell(10, 3, 1991);
data.setCell(11, 0, 11)
data.setCell(11, 1, 'negativepassword')
data.setCell(11, 2, 'testCases.TC003_NegativePasswordTest')
data.setCell(11, 3, 1300);
data.setCell(12, 0, 12)
data.setCell(12, 1, 'dtdlogin')
data.setCell(12, 2, 'testCases.TC009_LoginDDTest')
data.setCell(12, 3, 1185);
data.setCell(13, 0, 13)
data.setCell(13, 1, 'contactform')
data.setCell(13, 2, 'testCases.TC011_ContactFormDDTest')
data.setCell(13, 3, 1116);
data.setCell(14, 0, 14)
data.setCell(14, 1, 'contactform')
data.setCell(14, 2, 'testCases.TC011_ContactFormDDTest')
data.setCell(14, 3, 1112);
data.setCell(15, 0, 15)
data.setCell(15, 1, 'contactform')
data.setCell(15, 2, 'testCases.TC011_ContactFormDDTest')
data.setCell(15, 3, 1110);
data.setCell(16, 0, 16)
data.setCell(16, 1, 'contactform')
data.setCell(16, 2, 'testCases.TC011_ContactFormDDTest')
data.setCell(16, 3, 1102);
data.setCell(17, 0, 17)
data.setCell(17, 1, 'contactform')
data.setCell(17, 2, 'testCases.TC011_ContactFormDDTest')
data.setCell(17, 3, 1099);
data.setCell(18, 0, 18)
data.setCell(18, 1, 'dtdlogin')
data.setCell(18, 2, 'testCases.TC009_LoginDDTest')
data.setCell(18, 3, 820);
data.setCell(19, 0, 19)
data.setCell(19, 1, 'dtdlogin')
data.setCell(19, 2, 'testCases.TC009_LoginDDTest')
data.setCell(19, 3, 719);
data.setCell(20, 0, 20)
data.setCell(20, 1, 'dtdlogin')
data.setCell(20, 2, 'testCases.TC009_LoginDDTest')
data.setCell(20, 3, 465);
data.setCell(21, 0, 21)
data.setCell(21, 1, 'logoutbtncheck')
data.setCell(21, 2, 'testCases.TC001_PositiveLoginTest')
data.setCell(21, 3, 97);
data.setCell(22, 0, 22)
data.setCell(22, 1, 'verifycongratulationmsg')
data.setCell(22, 2, 'testCases.TC001_PositiveLoginTest')
data.setCell(22, 3, 40);
data.setCell(23, 0, 23)
data.setCell(23, 1, 'verifyurl')
data.setCell(23, 2, 'testCases.TC001_PositiveLoginTest')
data.setCell(23, 3, 14);
window.suiteTableData['Suite']= { tableData: data, tableDiv: 'times-div-Suite'}
return data;
}
              </script>
              <span class="suite-total-time">Total running time: 2 minutes</span>
              <div id="times-div-Suite">
              </div> <!-- times-div-Suite -->
            </div> <!-- times-div -->
          </div> <!-- main-panel-content rounded-window-bottom -->
        </div> <!-- panel -->
        <div panel-name="reporter-Suite" class="panel">
          <div class="main-panel-header rounded-window-top">
            <span class="header-content">Reporter output for Suite</span>
          </div> <!-- main-panel-header rounded-window-top -->
          <div class="main-panel-content rounded-window-bottom">
          </div> <!-- main-panel-content rounded-window-bottom -->
        </div> <!-- panel -->
        <div panel-name="ignored-methods-Suite" class="panel">
          <div class="main-panel-header rounded-window-top">
            <span class="header-content">0 ignored methods</span>
          </div> <!-- main-panel-header rounded-window-top -->
          <div class="main-panel-content rounded-window-bottom">
          </div> <!-- main-panel-content rounded-window-bottom -->
        </div> <!-- panel -->
        <div panel-name="chronological-Suite" class="panel">
          <div class="main-panel-header rounded-window-top">
            <span class="header-content">Methods in chronological order</span>
          </div> <!-- main-panel-header rounded-window-top -->
          <div class="main-panel-content rounded-window-bottom">
            <div class="chronological-class">
              <div class="chronological-class-name">testCases.TC001_PositiveLoginTest</div> <!-- chronological-class-name -->
              <div class="configuration-class before">
                <span class="method-name">setup(window, chrome)</span>
                <span class="method-start">0 ms</span>
              </div> <!-- configuration-class before -->
              <div class="configuration-class before">
                <span class="method-name">logintoapp</span>
                <span class="method-start">11226 ms</span>
              </div> <!-- configuration-class before -->
              <div class="test-method">
                <span class="method-name">logoutbtncheck</span>
                <span class="method-start">14892 ms</span>
              </div> <!-- test-method -->
              <div class="test-method">
                <span class="method-name">verifycongratulationmsg</span>
                <span class="method-start">15000 ms</span>
              </div> <!-- test-method -->
              <div class="test-method">
                <span class="method-name">verifyurl</span>
                <span class="method-start">15041 ms</span>
              </div> <!-- test-method -->
              <div class="configuration-class after">
                <span class="method-name">treardown</span>
                <span class="method-start">15056 ms</span>
              </div> <!-- configuration-class after -->
            </div> <!-- chronological-class -->
            <div class="chronological-class">
              <div class="chronological-class-name">testCases.TC002_NegativeUserNameTest</div> <!-- chronological-class-name -->
              <div class="configuration-class before">
                <span class="method-name">setup(window, chrome)</span>
                <span class="method-start">15357 ms</span>
              </div> <!-- configuration-class before -->
              <div class="test-method">
                <span class="method-name">negativeusername</span>
                <span class="method-start">21561 ms</span>
              </div> <!-- test-method -->
              <div class="configuration-class after">
                <span class="method-name">treardown</span>
                <span class="method-start">26323 ms</span>
              </div> <!-- configuration-class after -->
            </div> <!-- chronological-class -->
            <div class="chronological-class">
              <div class="chronological-class-name">testCases.TC003_NegativePasswordTest</div> <!-- chronological-class-name -->
              <div class="configuration-class before">
                <span class="method-name">setup(window, chrome)</span>
                <span class="method-start">26497 ms</span>
              </div> <!-- configuration-class before -->
              <div class="test-method">
                <span class="method-name">negativepassword</span>
                <span class="method-start">32758 ms</span>
              </div> <!-- test-method -->
              <div class="configuration-class after">
                <span class="method-name">treardown</span>
                <span class="method-start">34059 ms</span>
              </div> <!-- configuration-class after -->
            </div> <!-- chronological-class -->
            <div class="chronological-class">
              <div class="chronological-class-name">testCases.TC004_NoSuchElementExceptionTest</div> <!-- chronological-class-name -->
              <div class="configuration-class before">
                <span class="method-name">setup(window, chrome)</span>
                <span class="method-start">34208 ms</span>
              </div> <!-- configuration-class before -->
              <div class="test-method">
                <span class="method-name">verifyrow2input</span>
                <span class="method-start">46121 ms</span>
              </div> <!-- test-method -->
              <div class="configuration-class after">
                <span class="method-name">treardown</span>
                <span class="method-start">52847 ms</span>
              </div> <!-- configuration-class after -->
            </div> <!-- chronological-class -->
            <div class="chronological-class">
              <div class="chronological-class-name">testCases.TC005_ElementNotInteractableExceptionTest</div> <!-- chronological-class-name -->
              <div class="configuration-class before">
                <span class="method-name">setup(window, chrome)</span>
                <span class="method-start">52998 ms</span>
              </div> <!-- configuration-class before -->
              <div class="test-method">
                <span class="method-name">ElementNotInteractableExceptionTest</span>
                <span class="method-start">60072 ms</span>
              </div> <!-- test-method -->
              <div class="configuration-class after">
                <span class="method-name">treardown</span>
                <span class="method-start">66975 ms</span>
              </div> <!-- configuration-class after -->
            </div> <!-- chronological-class -->
            <div class="chronological-class">
              <div class="chronological-class-name">testCases.TC006_InvalidElementStateExceptionTest</div> <!-- chronological-class-name -->
              <div class="configuration-class before">
                <span class="method-name">setup(window, chrome)</span>
                <span class="method-start">67136 ms</span>
              </div> <!-- configuration-class before -->
              <div class="test-method">
                <span class="method-name">disabledinput</span>
                <span class="method-start">73462 ms</span>
              </div> <!-- test-method -->
              <div class="configuration-class after">
                <span class="method-name">treardown</span>
                <span class="method-start">76814 ms</span>
              </div> <!-- configuration-class after -->
            </div> <!-- chronological-class -->
            <div class="chronological-class">
              <div class="chronological-class-name">testCases.TC007_StaleElementReferenceExceptionTest</div> <!-- chronological-class-name -->
              <div class="configuration-class before">
                <span class="method-name">setup(window, chrome)</span>
                <span class="method-start">76974 ms</span>
              </div> <!-- configuration-class before -->
              <div class="test-method">
                <span class="method-name">verifyinstuctiondisremoved</span>
                <span class="method-start">85225 ms</span>
              </div> <!-- test-method -->
              <div class="configuration-class after">
                <span class="method-name">treardown</span>
                <span class="method-start">92838 ms</span>
              </div> <!-- configuration-class after -->
            </div> <!-- chronological-class -->
            <div class="chronological-class">
              <div class="chronological-class-name">testCases.TC008_TimeoutExceptionTest</div> <!-- chronological-class-name -->
              <div class="configuration-class before">
                <span class="method-name">setup(window, chrome)</span>
                <span class="method-start">93014 ms</span>
              </div> <!-- configuration-class before -->
              <div class="test-method">
                <span class="method-name">verifysecondinputDisplayed</span>
                <span class="method-start">99955 ms</span>
              </div> <!-- test-method -->
              <div class="configuration-class after">
                <span class="method-name">treardown</span>
                <span class="method-start">106610 ms</span>
              </div> <!-- configuration-class after -->
            </div> <!-- chronological-class -->
            <div class="chronological-class">
              <div class="chronological-class-name">testCases.TC009_LoginDDTest</div> <!-- chronological-class-name -->
              <div class="configuration-class before">
                <span class="method-name">setup(window, chrome)</span>
                <span class="method-start">106775 ms</span>
              </div> <!-- configuration-class before -->
              <div class="test-method">
                <span class="method-name">dtdlogin(std, , Invalid)</span>
                <span class="method-start">114956 ms</span>
              </div> <!-- test-method -->
              <div class="test-method">
                <span class="method-name">dtdlogin(student, Password123, Valid)</span>
                <span class="method-start">116952 ms</span>
              </div> <!-- test-method -->
              <div class="test-method">
                <span class="method-name">dtdlogin(abc, Password123, Invalid)</span>
                <span class="method-start">119785 ms</span>
              </div> <!-- test-method -->
              <div class="test-method">
                <span class="method-name">dtdlogin(student, xyz123, Invalid)</span>
                <span class="method-start">120970 ms</span>
              </div> <!-- test-method -->
              <div class="test-method">
                <span class="method-name">dtdlogin(, pqr1, Invalid)</span>
                <span class="method-start">121689 ms</span>
              </div> <!-- test-method -->
              <div class="test-method">
                <span class="method-name">dtdlogin(prq, , Invalid)</span>
                <span class="method-start">122155 ms</span>
              </div> <!-- test-method -->
              <div class="configuration-class after">
                <span class="method-name">treardown</span>
                <span class="method-start">122976 ms</span>
              </div> <!-- configuration-class after -->
            </div> <!-- chronological-class -->
            <div class="chronological-class">
              <div class="chronological-class-name">testCases.TC010_ContactFormTest</div> <!-- chronological-class-name -->
              <div class="configuration-class before">
                <span class="method-name">setup(window, chrome)</span>
                <span class="method-start">123168 ms</span>
              </div> <!-- configuration-class before -->
              <div class="test-method">
                <img src="failed.png">
                </img>
                <span class="method-name">contactform</span>
                <span class="method-start">128450 ms</span>
              </div> <!-- test-method -->
              <div class="configuration-class after">
                <span class="method-name">treardown</span>
                <span class="method-start">149105 ms</span>
              </div> <!-- configuration-class after -->
            </div> <!-- chronological-class -->
            <div class="chronological-class">
              <div class="chronological-class-name">testCases.TC011_ContactFormDDTest</div> <!-- chronological-class-name -->
              <div class="configuration-class before">
                <span class="method-name">setup(window, chrome)</span>
                <span class="method-start">149283 ms</span>
              </div> <!-- configuration-class before -->
              <div class="test-method">
                <img src="failed.png">
                </img>
                <span class="method-name">contactform(raj, patel, r@gmail.com, I am student, Valid)</span>
                <span class="method-start">157041 ms</span>
              </div> <!-- test-method -->
              <div class="test-method">
                <img src="failed.png">
                </img>
                <span class="method-name">contactform(, shah, s@gmail.com, I am student, Invalid)</span>
                <span class="method-start">183392 ms</span>
              </div> <!-- test-method -->
              <div class="test-method">
                <img src="failed.png">
                </img>
                <span class="method-name">contactform(jay, , j@gmail.com, I am teacher, Invalid)</span>
                <span class="method-start">184739 ms</span>
              </div> <!-- test-method -->
              <div class="test-method">
                <img src="failed.png">
                </img>
                <span class="method-name">contactform(kabie, Patel, , I am student, Invalid)</span>
                <span class="method-start">186054 ms</span>
              </div> <!-- test-method -->
              <div class="test-method">
                <img src="failed.png">
                </img>
                <span class="method-name">contactform(meera, Patel, m.com, I am teacher, Invalid)</span>
                <span class="method-start">187395 ms</span>
              </div> <!-- test-method -->
              <div class="test-method">
                <img src="failed.png">
                </img>
                <span class="method-name">contactform(brijesha, patel, b@gmail.com, , invalid)</span>
                <span class="method-start">188705 ms</span>
              </div> <!-- test-method -->
              <div class="configuration-class after">
                <span class="method-name">treardown</span>
                <span class="method-start">190032 ms</span>
              </div> <!-- configuration-class after -->
            </div> <!-- chronological-class -->
            <div class="chronological-class">
              <div class="chronological-class-name">testCases.TC012_BrokenLinksTest</div> <!-- chronological-class-name -->
              <div class="configuration-class before">
                <span class="method-name">setup(window, chrome)</span>
                <span class="method-start">190214 ms</span>
              </div> <!-- configuration-class before -->
              <div class="test-method">
                <img src="failed.png">
                </img>
                <span class="method-name">isBrokenLinkExist</span>
                <span class="method-start">200490 ms</span>
              </div> <!-- test-method -->
              <div class="configuration-class after">
                <span class="method-name">treardown</span>
                <span class="method-start">238214 ms</span>
              </div> <!-- configuration-class after -->
          </div> <!-- main-panel-content rounded-window-bottom -->
        </div> <!-- panel -->
      </div> <!-- main-panel-root -->
    </div> <!-- wrapper -->
  </body>
<script type="text/javascript" src="testng-reports2.js"></script>
</html>
